<?xml version="1.0" encoding="UTF-8"?><testrun name="WeatherReportServiceTest" project="EmployeeManagement" tests="1" started="1" failures="0" errors="1" ignored="0">
  <testsuite name="com.ing.training.service.WeatherReportServiceTest" time="7.71">
    <testcase name="test" classname="com.ing.training.service.WeatherReportServiceTest" time="7.71">
      <error>org.mockito.exceptions.misusing.MissingMethodInvocationException: 
when() requires an argument which has to be 'a method call on a mock'.
For example:
    when(mock.getArticles()).thenReturn(articles);

Also, this error might show up because:
1. you stub either of: final/private/equals()/hashCode() methods.
   Those methods *cannot* be stubbed/verified.
2. inside when() you don't call method on mock but on some other object.
3. the parent of the mocked class is not public.
   It is a limitation of the mock engine.
&#13;
	at com.ing.training.service.WeatherReportServiceTest.test(WeatherReportServiceTest.java:27)&#13;
	at sun.reflect.NativeMethodAccessorImpl.invoke0(Native Method)&#13;
	at sun.reflect.NativeMethodAccessorImpl.invoke(Unknown Source)&#13;
	at sun.reflect.DelegatingMethodAccessorImpl.invoke(Unknown Source)&#13;
	at java.lang.reflect.Method.invoke(Unknown Source)&#13;
	at org.junit.runners.model.FrameworkMethod$1.runReflectiveCall(FrameworkMethod.java:44)&#13;
	at org.junit.internal.runners.model.ReflectiveCallable.run(ReflectiveCallable.java:15)&#13;
	at org.junit.runners.model.FrameworkMethod.invokeExplosively(FrameworkMethod.java:41)&#13;
	at org.junit.internal.runners.statements.InvokeMethod.evaluate(InvokeMethod.java:20)&#13;
	at org.junit.runners.BlockJUnit4ClassRunner.runChild(BlockJUnit4ClassRunner.java:76)&#13;
	at org.junit.runners.BlockJUnit4ClassRunner.runChild(BlockJUnit4ClassRunner.java:50)&#13;
	at org.junit.runners.ParentRunner$3.run(ParentRunner.java:193)&#13;
	at org.junit.runners.ParentRunner$1.schedule(ParentRunner.java:52)&#13;
	at org.junit.runners.ParentRunner.runChildren(ParentRunner.java:191)&#13;
	at org.junit.runners.ParentRunner.access$000(ParentRunner.java:42)&#13;
	at org.junit.runners.ParentRunner$2.evaluate(ParentRunner.java:184)&#13;
	at org.junit.runners.ParentRunner.run(ParentRunner.java:236)&#13;
	at org.eclipse.jdt.internal.junit4.runner.JUnit4TestReference.run(JUnit4TestReference.java:86)&#13;
	at org.eclipse.jdt.internal.junit.runner.TestExecution.run(TestExecution.java:38)&#13;
	at org.eclipse.jdt.internal.junit.runner.RemoteTestRunner.runTests(RemoteTestRunner.java:459)&#13;
	at org.eclipse.jdt.internal.junit.runner.RemoteTestRunner.runTests(RemoteTestRunner.java:678)&#13;
	at org.eclipse.jdt.internal.junit.runner.RemoteTestRunner.run(RemoteTestRunner.java:382)&#13;
	at org.eclipse.jdt.internal.junit.runner.RemoteTestRunner.main(RemoteTestRunner.java:192)&#13;
&#13;
</error>
    </testcase>
  </testsuite>
</testrun>
